  Camera.cpp
  CommonUtils.cpp
  Debug.cpp
  Mesh.cpp
F:\Datas\c++\LearnOpenGL\LearnOpenGL\commons\MathType.h(3,10): error C1083:  无法打开包括文件: “glm/glm.hpp”: No such file or directory
  Model.cpp
F:\Datas\c++\LearnOpenGL\LearnOpenGL\commons\MathType.h(3,10): error C1083:  无法打开包括文件: “glm/glm.hpp”: No such file or directory
  Node.cpp
F:\Datas\c++\LearnOpenGL\LearnOpenGL\graphic\Shader.h(3,10): error C1083:  无法打开包括文件: “glad/glad.h”: No such file or directory
  PrimitiveModel.cpp
F:\Datas\c++\LearnOpenGL\LearnOpenGL\commons\MathType.h(3,10): error C1083:  无法打开包括文件: “glm/glm.hpp”: No such file or directory
  Time.cpp
F:\Datas\c++\LearnOpenGL\LearnOpenGL\commons\MathType.h(3,10): error C1083:  无法打开包括文件: “glm/glm.hpp”: No such file or directory
  Texture.cpp
F:\Datas\c++\LearnOpenGL\LearnOpenGL\commons\Time.cpp(7,25): warning C4244:  “=”: 从“double”转换到“float”，可能丢失数据
  main.cpp
F:\Datas\c++\LearnOpenGL\LearnOpenGL\graphic\Texture.h(2,10): error C1083:  无法打开包括文件: “glad/glad.h”: No such file or directory
  Shader.cpp
F:\Datas\c++\LearnOpenGL\LearnOpenGL\main.cpp(1,10): error C1083:  无法打开包括文件: “glad/glad.h”: No such file or directory
  glm.cpp
F:\Datas\c++\LearnOpenGL\LearnOpenGL\graphic\Shader.h(3,10): error C1083:  无法打开包括文件: “glad/glad.h”: No such file or directory
F:\Datas\c++\LearnOpenGL\LearnOpenGL\third_part\include\glm\detail\glm.cpp(7,10): error C1083:  无法打开包括文件: “glm/gtx/dual_quaternion.hpp”: No such file or directory
